SF:lib/services/sensor_stream_manager.dart
DA:9,2
DA:13,2
DA:15,4
DA:17,2
DA:19,4
DA:21,2
DA:25,2
DA:26,4
DA:27,2
DA:28,4
DA:29,2
LF:11
LH:11
end_of_record
SF:lib/main.dart
DA:7,0
DA:8,0
DA:14,1
DA:17,1
DA:19,1
DA:22,1
DA:29,1
DA:31,1
DA:32,1
DA:40,1
DA:42,1
DA:43,2
DA:44,0
DA:45,0
DA:46,0
DA:49,0
DA:50,0
DA:51,0
DA:57,1
DA:59,2
DA:60,1
DA:63,1
DA:66,1
DA:67,3
DA:69,1
DA:70,1
DA:74,1
DA:75,1
DA:76,1
DA:77,2
DA:78,2
DA:81,1
DA:82,1
DA:83,5
DA:84,3
DA:85,5
DA:88,0
DA:89,0
DA:90,0
DA:91,0
DA:92,0
DA:100,1
DA:101,1
DA:103,2
DA:104,1
DA:106,1
DA:108,1
DA:109,1
DA:111,1
DA:113,1
DA:114,1
DA:115,1
DA:122,1
DA:123,1
DA:125,1
DA:126,1
DA:127,1
DA:128,0
LF:58
LH:44
end_of_record
