SF:lib/services/orientation_calculator.dart
DA:7,3
DA:12,1
DA:16,1
DA:19,1
DA:22,1
DA:26,1
DA:27,1
DA:30,4
DA:33,3
LF:9
LH:9
end_of_record
SF:lib/services/ema_filter.dart
DA:7,3
DA:9,1
DA:12,1
DA:13,3
DA:14,3
DA:15,0
DA:16,0
DA:18,1
DA:19,8
DA:28,3
DA:29,12
DA:34,1
DA:35,1
DA:36,1
DA:40,9
DA:41,9
DA:42,9
DA:44,1
DA:45,1
DA:50,3
DA:51,3
LF:21
LH:19
end_of_record
SF:lib/services/rifle_reload_fsm.dart
DA:27,1
DA:35,2
DA:38,1
DA:42,0
DA:45,3
DA:46,4
DA:47,1
DA:51,1
DA:52,1
DA:54,3
DA:55,1
DA:56,1
DA:60,1
DA:62,3
DA:63,1
DA:64,1
DA:65,2
DA:66,1
DA:70,0
DA:71,0
DA:72,0
DA:77,0
DA:79,1
DA:80,1
DA:81,1
DA:84,1
DA:85,2
DA:86,1
DA:87,1
LF:29
LH:24
end_of_record
SF:lib/services/shotgun_reload_fsm.dart
DA:27,1
DA:35,2
DA:38,1
DA:42,0
DA:45,3
DA:46,4
DA:47,1
DA:51,1
DA:52,1
DA:54,3
DA:55,1
DA:56,1
DA:60,1
DA:62,3
DA:63,1
DA:64,1
DA:65,2
DA:66,1
DA:70,0
DA:71,0
DA:72,0
DA:77,0
DA:79,1
DA:80,1
DA:81,1
DA:84,1
DA:85,2
DA:86,1
DA:87,1
LF:29
LH:24
end_of_record
SF:lib/main.dart
DA:7,0
DA:8,0
DA:12,3
DA:14,1
DA:16,1
DA:19,1
DA:26,3
DA:28,1
DA:29,1
DA:40,1
DA:42,1
DA:44,2
DA:45,0
DA:46,0
DA:47,0
DA:50,0
DA:51,0
DA:52,0
DA:62,2
DA:63,0
DA:65,0
DA:67,0
DA:72,0
DA:73,0
DA:76,0
DA:77,0
DA:78,0
DA:84,1
DA:86,2
DA:87,1
DA:90,1
DA:92,1
DA:93,3
DA:95,1
DA:96,1
DA:100,1
DA:101,1
DA:102,1
DA:103,2
DA:104,2
DA:106,1
DA:107,1
DA:108,1
DA:109,3
DA:110,1
DA:112,1
DA:113,1
DA:114,1
DA:115,1
DA:117,1
DA:118,1
DA:119,1
DA:123,3
DA:124,1
DA:125,1
DA:127,1
DA:128,1
DA:129,1
DA:135,0
DA:136,0
DA:137,0
DA:138,0
DA:140,0
DA:141,0
DA:142,0
DA:146,0
DA:147,0
DA:148,0
DA:150,0
DA:151,0
DA:152,0
DA:166,1
DA:168,1
DA:169,1
DA:172,1
DA:173,1
DA:180,1
DA:182,2
DA:183,1
DA:185,1
DA:187,1
DA:192,1
DA:194,1
DA:195,1
DA:196,1
DA:197,1
DA:199,1
DA:200,1
DA:201,1
DA:214,1
DA:216,1
DA:218,2
DA:219,1
DA:221,1
DA:223,1
DA:224,1
DA:226,1
DA:229,1
DA:230,1
DA:231,1
DA:238,1
DA:239,1
DA:241,1
DA:242,1
DA:244,1
DA:245,0
LF:106
LH:76
end_of_record
SF:lib/services/reload_fsm.dart
DA:28,2
DA:37,2
DA:40,1
DA:45,0
DA:48,3
DA:49,4
DA:50,1
DA:54,1
DA:55,1
DA:57,4
DA:58,1
DA:59,1
DA:63,1
DA:65,3
DA:66,1
DA:67,1
DA:68,2
DA:69,1
DA:73,0
DA:74,0
DA:75,0
DA:81,0
DA:82,0
DA:85,1
DA:86,1
DA:87,1
DA:90,1
DA:91,2
DA:92,1
DA:93,2
LF:30
LH:24
end_of_record
SF:lib/services/sensor_stream_manager.dart
DA:12,2
DA:13,2
DA:17,2
DA:21,2
DA:22,4
DA:24,4
DA:26,2
DA:27,0
DA:28,0
DA:29,0
DA:32,4
DA:34,2
DA:35,0
DA:40,2
DA:41,4
DA:42,4
DA:43,2
DA:44,2
LF:18
LH:14
end_of_record
